** Data for kernel (flexspmm_cuda_wo_pre_v9<tileConfs[0].tm,tileConfs[0].tn,4>)
Ordering GOR.  Tile 4 × 4
Histogram of lg non-zeros per panel (tile row).
Lg  Panels    Pct
 0   40016  49.14
 1    1224   1.50
 2    1959   2.41
 3    6743   8.28
 4    8599  10.56
 5   13265  16.29
 6    5171   6.35
 7    2207   2.71
 8    1546   1.90
 9     272   0.33
10     414   0.51
11      11   0.01
12       5   0.01
[1,8): 0.342613%   [8,16): 0.128940%    [16,32): 0.219813%   [32,64): 0.341385%   [64,128): 0.832586%  [128, +OO): 98.134663%
Arrays m=325729, n=325729, k=128. Tile 4 × 4.   nnz=1497134  Avg deg=4.6
nnz / tile: 4.831  Load / B elt  0.559
Tile nnz histogram: (n_tiles 309875)
  0  0.55%,   1 23.11%,   2 11.03%,   3  6.95%,   4 34.07%,   5  1.71%,   6  2.90%, 

** Data for kernel (flexspmm_cuda_wo_pre_v9<tileConfs[1].tm,tileConfs[1].tn,4>)
Ordering GOR.  Tile 8 × 4
Histogram of lg non-zeros per panel (tile row).
Lg  Panels    Pct
 0   17486  42.95
 1     556   1.37
 2     712   1.75
 3    1570   3.86
 4    4056   9.96
 5    4738  11.64
 6    6798  16.70
 7    2614   6.42
 8    1076   2.64
 9     768   1.89
10     149   0.37
11     187   0.46
12       6   0.01
[1,8): 0.704865%   [8,16): 0.442076%    [16,32): 0.260334%   [32,64): 1.031510%   [64,128): 1.841982%  [128, +OO): 95.719233%
Arrays m=325729, n=325729, k=128. Tile 8 × 4.   nnz=1497134  Avg deg=4.6
nnz / tile: 5.918  Load / B elt  0.469
Tile nnz histogram: (n_tiles 252988)
  0  0.49%,   1 23.45%,   2 10.40%,   3  6.86%,   4 34.38%,   5  1.95%,   6  2.40%, 

** Data for kernel (flexspmm_cuda_wo_pre_v9<tileConfs[2].tm,tileConfs[2].tn,4>)
Ordering GOR.  Tile 16 × 4
Histogram of lg non-zeros per panel (tile row).
Lg  Panels    Pct
 0    7315  35.93
 1     199   0.98
 2     350   1.72
 3     549   2.70
 4    1069   5.25
 5    2336  11.47
 6    2675  13.14
 7    3504  17.21
 8    1284   6.31
 9     548   2.69
10     382   1.88
11      55   0.27
12      90   0.44
13       2   0.01
[1,8): 1.458814%   [8,16): 0.633626%    [16,32): 0.825188%   [32,64): 3.276192%   [64,128): 4.155410%  [128, +OO): 89.650769%
Arrays m=325729, n=325729, k=128. Tile 16 × 4.   nnz=1497134  Avg deg=4.6
nnz / tile: 6.892  Load / B elt  0.414
Tile nnz histogram: (n_tiles 217220)
  0  0.38%,   1 22.89%,   2 10.04%,   3  6.86%,   4 37.69%,   5  2.09%,   6  2.07%, 

** Data for kernel (flexspmm_cuda_wo_pre_v9<tileConfs[3].tm,tileConfs[3].tn,4>)
Ordering GOR.  Tile 32 × 4
Histogram of lg non-zeros per panel (tile row).
Lg  Panels    Pct
 0    2933  28.81
 1      72   0.71
 2     141   1.39
 3     223   2.19
 4     359   3.53
 5     628   6.17
 6    1357  13.33
 7    1447  14.22
 8    1833  18.01
 9     667   6.55
10     271   2.66
11     178   1.75
12      28   0.28
13      42   0.41
[1,8): 3.084479%   [8,16): 1.856582%    [16,32): 3.290766%   [32,64): 6.571709%   [64,128): 6.974460%  [128, +OO): 78.222004%
Arrays m=325729, n=325729, k=128. Tile 32 × 4.   nnz=1497134  Avg deg=4.6
nnz / tile: 7.776  Load / B elt  0.377
Tile nnz histogram: (n_tiles 192526)
  0  0.24%,   1 21.75%,   2  9.59%,   3  6.77%,   4 39.94%,   5  2.32%,   6  1.93%, 

** Data for kernel (flexspmm_cuda_wo_pre_v9<tileConfs[4].tm,tileConfs[4].tn,4>)
Ordering GOR.  Tile 64 × 4
Histogram of lg non-zeros per panel (tile row).
Lg  Panels    Pct
 0    1125  22.11
 1      28   0.55
 2      47   0.92
 3      88   1.73
 4     146   2.87
 5     209   4.11
 6     342   6.72
 7     755  14.84
 8     810  15.92
 9     947  18.61
10     352   6.92
11     123   2.42
12      83   1.63
13      14   0.28
14      20   0.39
[1,8): 7.190570%   [8,16): 4.499018%    [16,32): 11.277014%   [32,64): 27.996071%   [64,128): 23.143418%  [128, +OO): 25.893910%
Arrays m=325729, n=325729, k=128. Tile 64 × 4.   nnz=1497134  Avg deg=4.6
nnz / tile: 8.588  Load / B elt  0.348
Tile nnz histogram: (n_tiles 174335)
  0  0.14%,   1 20.77%,   2  9.19%,   3  6.58%,   4 41.15%,   5  2.46%,   6  1.88%, 

** Data for kernel (flexspmm_cuda_wo_pre_v9<tileConfs[5].tm,tileConfs[5].tn,4>)
Ordering GOR.  Tile 128 × 4
Histogram of lg non-zeros per panel (tile row).
Lg  Panels    Pct
 0     390  15.33
 1       9   0.35
 2      18   0.71
 3      32   1.26
 4      55   2.16
 5      81   3.18
 6     114   4.48
 7     210   8.25
 8     416  16.35
 9     430  16.90
10     497  19.54
11     180   7.08
12      58   2.28
13      37   1.45
14       8   0.31
15       9   0.35
[1,8): 18.428291%   [8,16): 17.210216%    [16,32): 44.518664%   [32,64): 1.335953%   [64,128): 3.182711%  [128, +OO): 15.324165%
Arrays m=325729, n=325729, k=128. Tile 128 × 4.   nnz=1497134  Avg deg=4.6
nnz / tile: 9.315  Load / B elt  0.327
Tile nnz histogram: (n_tiles 160725)
  0  0.06%,   1 19.89%,   2  8.80%,   3  6.36%,   4 41.90%,   5  2.52%,   6  1.85%, 

** Data for kernel (flexspmm_cuda_wo_pre_v9<tileConfs[6].tm,tileConfs[6].tn,4>)
Ordering GOR.  Tile 256 × 4
Histogram of lg non-zeros per panel (tile row).
Lg  Panels    Pct
 0     133  10.46
 1       2   0.16
 2       3   0.24
 3      12   0.94
 4      13   1.02
 5      19   1.49
 6      50   3.93
 7      55   4.32
 8     118   9.28
 9     234  18.40
10     245  19.26
11     242  19.03
12      96   7.55
13      24   1.89
14      19   1.49
15       3   0.24
16       4   0.31
[1,8): 65.593087%   [8,16): 21.759623%    [16,32): 2.199529%   [32,64): 0.000000%   [64,128): 0.000000%  [128, +OO): 10.447761%
Arrays m=325729, n=325729, k=128. Tile 256 × 4.   nnz=1497134  Avg deg=4.6
nnz / tile: 9.956  Load / B elt  0.310
Tile nnz histogram: (n_tiles 150369)
  0  0.03%,   1 19.10%,   2  8.41%,   3  6.12%,   4 42.36%,   5  2.67%,   6  1.90%, 

** Data for kernel (flexspmm_cuda_wo_pre_v9<tileConfs[0].tm,tileConfs[0].tn,4>)
Ordering OVO.  Tile 4 × 4
Histogram of lg non-zeros per panel (tile row).
Lg  Panels    Pct
 0   39871  48.96
 1    1390   1.71
 2    2136   2.62
 3    6725   8.26
 4    8281  10.17
 5   13424  16.48
 6    5133   6.30
 7    2245   2.76
 8    1525   1.87
 9     274   0.34
10     412   0.51
11      10   0.01
12       5   0.01
13       1   0.00
[1,8): 0.338929%   [8,16): 0.174376%    [16,32): 0.251741%   [32,64): 0.431029%   [64,128): 0.672946%  [128, +OO): 98.130979%
Arrays m=325729, n=325729, k=128. Tile 4 × 4.   nnz=1497134  Avg deg=4.6
nnz / tile: 4.120  Load / B elt  0.580
Tile nnz histogram: (n_tiles 363361)
  0  0.58%,   1 26.42%,   2 10.06%,   3  5.57%,   4 42.12%,   5  1.25%,   6  2.15%, 

** Data for kernel (flexspmm_cuda_wo_pre_v9<tileConfs[1].tm,tileConfs[1].tn,4>)
Ordering OVO.  Tile 8 × 4
Histogram of lg non-zeros per panel (tile row).
Lg  Panels    Pct
 0   17696  43.46
 1     523   1.28
 2     987   2.42
 3    1384   3.40
 4    3821   9.38
 5    4588  11.27
 6    6943  17.05
 7    2603   6.39
 8    1066   2.62
 9     751   1.84
10     170   0.42
11     178   0.44
12       5   0.01
13       1   0.00
[1,8): 0.724513%   [8,16): 0.410148%    [16,32): 0.569787%   [32,64): 0.839944%   [64,128): 1.554633%  [128, +OO): 95.900975%
Arrays m=325729, n=325729, k=128. Tile 8 × 4.   nnz=1497134  Avg deg=4.6
nnz / tile: 5.123  Load / B elt  0.495
Tile nnz histogram: (n_tiles 292241)
  0  0.52%,   1 26.54%,   2  9.33%,   3  4.97%,   4 35.37%,   5  2.03%,   6  2.28%, 

** Data for kernel (flexspmm_cuda_wo_pre_v9<tileConfs[2].tm,tileConfs[2].tn,4>)
Ordering OVO.  Tile 16 × 4
Histogram of lg non-zeros per panel (tile row).
Lg  Panels    Pct
 0    7471  36.70
 1     206   1.01
 2     381   1.87
 3     630   3.09
 4     958   4.71
 5    2223  10.92
 6    2618  12.86
 7    3493  17.16
 8    1305   6.41
 9     548   2.69
10     366   1.80
11      71   0.35
12      86   0.42
13       2   0.01
[1,8): 1.498109%   [8,16): 1.006926%    [16,32): 0.923425%   [32,64): 2.313473%   [64,128): 6.940419%  [128, +OO): 87.317648%
Arrays m=325729, n=325729, k=128. Tile 16 × 4.   nnz=1497134  Avg deg=4.6
nnz / tile: 6.005  Load / B elt  0.447
Tile nnz histogram: (n_tiles 249325)
  0  0.38%,   1 25.66%,   2  8.76%,   3  4.72%,   4 40.22%,   5  2.16%,   6  1.97%, 

** Data for kernel (flexspmm_cuda_wo_pre_v9<tileConfs[3].tm,tileConfs[3].tn,4>)
Ordering OVO.  Tile 32 × 4
Histogram of lg non-zeros per panel (tile row).
Lg  Panels    Pct
 0    2988  29.35
 1      71   0.70
 2     148   1.45
 3     227   2.23
 4     376   3.69
 5     594   5.84
 6    1305  12.82
 7    1510  14.83
 8    1796  17.64
 9     626   6.15
10     297   2.92
11     171   1.68
12      30   0.29
13      40   0.39
[1,8): 3.202358%   [8,16): 2.082515%    [16,32): 4.184676%   [32,64): 6.787819%   [64,128): 16.198428%  [128, +OO): 67.544204%
Arrays m=325729, n=325729, k=128. Tile 32 × 4.   nnz=1497134  Avg deg=4.6
nnz / tile: 6.717  Load / B elt  0.419
Tile nnz histogram: (n_tiles 222881)
  0  0.23%,   1 24.14%,   2  8.14%,   3  4.48%,   4 44.42%,   5  2.34%,   6  1.89%, 

** Data for kernel (flexspmm_cuda_wo_pre_v9<tileConfs[4].tm,tileConfs[4].tn,4>)
Ordering OVO.  Tile 64 × 4
Histogram of lg non-zeros per panel (tile row).
Lg  Panels    Pct
 0    1122  22.05
 1      22   0.43
 2      52   1.02
 3      77   1.51
 4     106   2.08
 5     217   4.26
 6     408   8.02
 7     718  14.11
 8     904  17.76
 9     867  17.04
10     328   6.45
11     159   3.12
12      75   1.47
13      17   0.33
14      17   0.33
[1,8): 8.330059%   [8,16): 4.852652%    [16,32): 12.436149%   [32,64): 33.948919%   [64,128): 15.874263%  [128, +OO): 24.557957%
Arrays m=325729, n=325729, k=128. Tile 64 × 4.   nnz=1497134  Avg deg=4.6
nnz / tile: 7.318  Load / B elt  0.400
Tile nnz histogram: (n_tiles 204574)
  0  0.11%,   1 22.52%,   2  7.30%,   3  4.04%,   4 47.59%,   5  2.57%,   6  1.81%, 

** Data for kernel (flexspmm_cuda_wo_pre_v9<tileConfs[5].tm,tileConfs[5].tn,4>)
Ordering OVO.  Tile 128 × 4
Histogram of lg non-zeros per panel (tile row).
Lg  Panels    Pct
 0     401  15.76
 1       6   0.24
 2      20   0.79
 3      21   0.83
 4      31   1.22
 5      42   1.65
 6     128   5.03
 7     201   7.90
 8     451  17.73
 9     498  19.58
10     466  18.32
11     162   6.37
12      64   2.52
13      40   1.57
14       7   0.28
15       6   0.24
[1,8): 18.585462%   [8,16): 30.294695%    [16,32): 30.687623%   [32,64): 4.675835%   [64,128): 0.000000%  [128, +OO): 15.756385%
Arrays m=325729, n=325729, k=128. Tile 128 × 4.   nnz=1497134  Avg deg=4.6
nnz / tile: 7.799  Load / B elt  0.387
Tile nnz histogram: (n_tiles 191966)
  0  0.04%,   1 20.88%,   2  6.56%,   3  3.68%,   4 49.91%,   5  2.67%,   6  1.87%, 

** Data for kernel (flexspmm_cuda_wo_pre_v9<tileConfs[6].tm,tileConfs[6].tn,4>)
Ordering OVO.  Tile 256 × 4
Histogram of lg non-zeros per panel (tile row).
Lg  Panels    Pct
 0     132  10.38
 1       1   0.08
 2       8   0.63
 3       8   0.63
 4       9   0.71
 5      11   0.86
 6      19   1.49
 7      49   3.85
 8     108   8.49
 9     263  20.68
10     277  21.78
11     250  19.65
12      90   7.08
13      13   1.02
14      24   1.89
15      10   0.79
[1,8): 73.998429%   [8,16): 14.139827%    [16,32): 1.492537%   [32,64): 0.000000%   [64,128): 0.000000%  [128, +OO): 10.369207%
Arrays m=325729, n=325729, k=128. Tile 256 × 4.   nnz=1497134  Avg deg=4.6
nnz / tile: 8.190  Load / B elt  0.378
Tile nnz histogram: (n_tiles 182810)
  0  0.02%,   1 19.51%,   2  6.04%,   3  3.36%,   4 51.64%,   5  2.70%,   6  1.84%, 

** Data for kernel (flexspmm_cuda_wo_pre_v9<tileConfs[7].tm,tileConfs[7].tn,4>)
Ordering GOR.  Tile 4 × 8
Histogram of lg non-zeros per panel (tile row).
Lg  Panels    Pct
 0   40016  49.14
 1    1224   1.50
 2    1959   2.41
 3    6743   8.28
 4    8599  10.56
 5   13265  16.29
 6    5171   6.35
 7    2207   2.71
 8    1546   1.90
 9     272   0.33
10     414   0.51
11      11   0.01
12       5   0.01
[1,8): 0.238233%   [8,16): 0.135080%    [16,32): 0.171920%   [32,64): 0.163324%   [64,128): 0.455589%  [128, +OO): 98.835853%
Arrays m=325729, n=325729, k=128. Tile 4 × 8.   nnz=1497134  Avg deg=4.6
nnz / tile: 6.853  Load / B elt  0.559
Tile nnz histogram: (n_tiles 218474)
  0  0.76%,   1 26.04%,   2  9.37%,   3  5.47%,   4 13.27%,   5  2.80%,   6  2.85%, 

** Data for kernel (flexspmm_cuda_wo_pre_v9<tileConfs[8].tm,tileConfs[8].tn,4>)
Ordering GOR.  Tile 8 × 8
Histogram of lg non-zeros per panel (tile row).
Lg  Panels    Pct
 0   17486  42.95
 1     556   1.37
 2     712   1.75
 3    1570   3.86
 4    4056   9.96
 5    4738  11.64
 6    6798  16.70
 7    2614   6.42
 8    1076   2.64
 9     768   1.89
10     149   0.37
11     187   0.46
12       6   0.01
[1,8): 0.469092%   [8,16): 0.159638%    [16,32): 0.648378%   [32,64): 0.419972%   [64,128): 0.967655%  [128, +OO): 97.335265%
Arrays m=325729, n=325729, k=128. Tile 8 × 8.   nnz=1497134  Avg deg=4.6
nnz / tile: 8.672  Load / B elt  0.469
Tile nnz histogram: (n_tiles 172642)
  0  0.71%,   1 27.43%,   2 10.36%,   3  5.31%,   4  4.57%,   5  3.09%,   6  3.23%, 

** Data for kernel (flexspmm_cuda_wo_pre_v9<tileConfs[9].tm,tileConfs[9].tn,4>)
Ordering GOR.  Tile 16 × 8
Histogram of lg non-zeros per panel (tile row).
Lg  Panels    Pct
 0    7315  35.93
 1     199   0.98
 2     350   1.72
 3     549   2.70
 4    1069   5.25
 5    2336  11.47
 6    2675  13.14
 7    3504  17.21
 8    1284   6.31
 9     548   2.69
10     382   1.88
11      55   0.27
12      90   0.44
13       2   0.01
[1,8): 0.938160%   [8,16): 0.599244%    [16,32): 0.815364%   [32,64): 1.571786%   [64,128): 4.518886%  [128, +OO): 91.556560%
Arrays m=325729, n=325729, k=128. Tile 16 × 8.   nnz=1497134  Avg deg=4.6
nnz / tile: 10.341  Load / B elt  0.414
Tile nnz histogram: (n_tiles 144772)
  0  0.56%,   1 27.27%,   2 10.13%,   3  5.41%,   4  4.53%,   5  3.04%,   6  3.05%, 

** Data for kernel (flexspmm_cuda_wo_pre_v9<tileConfs[10].tm,tileConfs[10].tn,4>)
Ordering GOR.  Tile 32 × 8
Histogram of lg non-zeros per panel (tile row).
Lg  Panels    Pct
 0    2933  28.81
 1      72   0.71
 2     141   1.39
 3     223   2.19
 4     359   3.53
 5     628   6.17
 6    1357  13.33
 7    1447  14.22
 8    1833  18.01
 9     667   6.55
10     271   2.66
11     178   1.75
12      28   0.28
13      42   0.41
[1,8): 2.170923%   [8,16): 0.933202%    [16,32): 3.271120%   [32,64): 4.322200%   [64,128): 7.534381%  [128, +OO): 81.768173%
Arrays m=325729, n=325729, k=128. Tile 32 × 8.   nnz=1497134  Avg deg=4.6
nnz / tile: 11.931  Load / B elt  0.377
Tile nnz histogram: (n_tiles 125478)
  0  0.36%,   1 26.33%,   2  9.75%,   3  5.38%,   4  4.45%,   5  3.05%,   6  3.02%, 

** Data for kernel (flexspmm_cuda_wo_pre_v9<tileConfs[11].tm,tileConfs[11].tn,4>)
Ordering GOR.  Tile 64 × 8
Histogram of lg non-zeros per panel (tile row).
Lg  Panels    Pct
 0    1125  22.11
 1      28   0.55
 2      47   0.92
 3      88   1.73
 4     146   2.87
 5     209   4.11
 6     342   6.72
 7     755  14.84
 8     810  15.92
 9     947  18.61
10     352   6.92
11     123   2.42
12      83   1.63
13      14   0.28
14      20   0.39
[1,8): 4.263261%   [8,16): 5.481336%    [16,32): 4.754420%   [32,64): 10.550098%   [64,128): 40.805501%  [128, +OO): 34.145383%
Arrays m=325729, n=325729, k=128. Tile 64 × 8.   nnz=1497134  Avg deg=4.6
nnz / tile: 13.415  Load / B elt  0.348
Tile nnz histogram: (n_tiles 111600)
  0  0.21%,   1 25.43%,   2  9.37%,   3  5.17%,   4  4.41%,   5  3.03%,   6  2.97%, 

** Data for kernel (flexspmm_cuda_wo_pre_v9<tileConfs[12].tm,tileConfs[12].tn,4>)
Ordering GOR.  Tile 128 × 8
Histogram of lg non-zeros per panel (tile row).
Lg  Panels    Pct
 0     390  15.33
 1       9   0.35
 2      18   0.71
 3      32   1.26
 4      55   2.16
 5      81   3.18
 6     114   4.48
 7     210   8.25
 8     416  16.35
 9     430  16.90
10     497  19.54
11     180   7.08
12      58   2.28
13      37   1.45
14       8   0.31
15       9   0.35
[1,8): 12.220039%   [8,16): 11.473477%    [16,32): 28.880157%   [32,64): 28.919450%   [64,128): 3.182711%  [128, +OO): 15.324165%
Arrays m=325729, n=325729, k=128. Tile 128 × 8.   nnz=1497134  Avg deg=4.6
nnz / tile: 14.752  Load / B elt  0.327
Tile nnz histogram: (n_tiles 101485)
  0  0.10%,   1 24.73%,   2  8.91%,   3  4.90%,   4  4.25%,   5  2.94%,   6  2.90%, 

** Data for kernel (flexspmm_cuda_wo_pre_v9<tileConfs[13].tm,tileConfs[13].tn,4>)
Ordering GOR.  Tile 256 × 8
Histogram of lg non-zeros per panel (tile row).
Lg  Panels    Pct
 0     133  10.46
 1       2   0.16
 2       3   0.24
 3      12   0.94
 4      13   1.02
 5      19   1.49
 6      50   3.93
 7      55   4.32
 8     118   9.28
 9     234  18.40
10     245  19.26
11     242  19.03
12      96   7.55
13      24   1.89
14      19   1.49
15       3   0.24
16       4   0.31
[1,8): 44.069128%   [8,16): 40.534171%    [16,32): 4.948940%   [32,64): 0.000000%   [64,128): 0.000000%  [128, +OO): 10.447761%
Arrays m=325729, n=325729, k=128. Tile 256 × 8.   nnz=1497134  Avg deg=4.6
nnz / tile: 15.937  Load / B elt  0.310
Tile nnz histogram: (n_tiles 93941)
  0  0.04%,   1 24.02%,   2  8.62%,   3  4.71%,   4  3.98%,   5  2.82%,   6  2.76%, 

** Data for kernel (flexspmm_cuda_wo_pre_v9<tileConfs[7].tm,tileConfs[7].tn,4>)
Ordering OVO.  Tile 4 × 8
Histogram of lg non-zeros per panel (tile row).
Lg  Panels    Pct
 0   39871  48.96
 1    1390   1.71
 2    2136   2.62
 3    6725   8.26
 4    8281  10.17
 5   13424  16.48
 6    5133   6.30
 7    2245   2.76
 8    1525   1.87
 9     274   0.34
10     412   0.51
11      10   0.01
12       5   0.01
13       1   0.00
[1,8): 0.237005%   [8,16): 0.197709%    [16,32): 0.178060%   [32,64): 0.291037%   [64,128): 0.627510%  [128, +OO): 98.468680%
Arrays m=325729, n=325729, k=128. Tile 4 × 8.   nnz=1497134  Avg deg=4.6
nnz / tile: 5.438  Load / B elt  0.580
Tile nnz histogram: (n_tiles 275328)
  0  0.77%,   1 28.54%,   2  9.36%,   3  5.64%,   4 23.74%,   5  2.16%,   6  2.07%, 

** Data for kernel (flexspmm_cuda_wo_pre_v9<tileConfs[8].tm,tileConfs[8].tn,4>)
Ordering OVO.  Tile 8 × 8
Histogram of lg non-zeros per panel (tile row).
Lg  Panels    Pct
 0   17696  43.46
 1     523   1.28
 2     987   2.42
 3    1384   3.40
 4    3821   9.38
 5    4588  11.27
 6    6943  17.05
 7    2603   6.39
 8    1066   2.62
 9     751   1.84
10     170   0.42
11     178   0.44
12       5   0.01
13       1   0.00
[1,8): 0.476459%   [8,16): 0.356117%    [16,32): 0.486283%   [32,64): 0.601714%   [64,128): 0.783457%  [128, +OO): 97.295970%
Arrays m=325729, n=325729, k=128. Tile 8 × 8.   nnz=1497134  Avg deg=4.6
nnz / tile: 7.161  Load / B elt  0.495
Tile nnz histogram: (n_tiles 209054)
  0  0.72%,   1 30.05%,   2 10.00%,   3  4.97%,   4  3.71%,   5  2.65%,   6  2.65%, 

** Data for kernel (flexspmm_cuda_wo_pre_v9<tileConfs[9].tm,tileConfs[9].tn,4>)
Ordering OVO.  Tile 16 × 8
Histogram of lg non-zeros per panel (tile row).
Lg  Panels    Pct
 0    7471  36.70
 1     206   1.01
 2     381   1.87
 3     630   3.09
 4     958   4.71
 5    2223  10.92
 6    2618  12.86
 7    3493  17.16
 8    1305   6.41
 9     548   2.69
10     366   1.80
11      71   0.35
12      86   0.42
13       2   0.01
[1,8): 1.041309%   [8,16): 0.790805%    [16,32): 0.697480%   [32,64): 1.601257%   [64,128): 2.672037%  [128, +OO): 93.197112%
Arrays m=325729, n=325729, k=128. Tile 16 × 8.   nnz=1497134  Avg deg=4.6
nnz / tile: 8.712  Load / B elt  0.447
Tile nnz histogram: (n_tiles 171852)
  0  0.55%,   1 30.00%,   2  9.64%,   3  4.75%,   4  3.56%,   5  2.51%,   6  2.29%, 

** Data for kernel (flexspmm_cuda_wo_pre_v9<tileConfs[10].tm,tileConfs[10].tn,4>)
Ordering OVO.  Tile 32 × 8
Histogram of lg non-zeros per panel (tile row).
Lg  Panels    Pct
 0    2988  29.35
 1      71   0.70
 2     148   1.45
 3     227   2.23
 4     376   3.69
 5     594   5.84
 6    1305  12.82
 7    1510  14.83
 8    1796  17.64
 9     626   6.15
10     297   2.92
11     171   1.68
12      30   0.29
13      40   0.39
[1,8): 1.994106%   [8,16): 1.984283%    [16,32): 2.082515%   [32,64): 6.296660%   [64,128): 9.007859%  [128, +OO): 78.634578%
Arrays m=325729, n=325729, k=128. Tile 32 × 8.   nnz=1497134  Avg deg=4.6
nnz / tile: 10.094  Load / B elt  0.419
Tile nnz histogram: (n_tiles 148319)
  0  0.34%,   1 29.08%,   2  8.98%,   3  4.52%,   4  3.41%,   5  2.38%,   6  2.16%, 

** Data for kernel (flexspmm_cuda_wo_pre_v9<tileConfs[11].tm,tileConfs[11].tn,4>)
Ordering OVO.  Tile 64 × 8
Histogram of lg non-zeros per panel (tile row).
Lg  Panels    Pct
 0    1122  22.05
 1      22   0.43
 2      52   1.02
 3      77   1.51
 4     106   2.08
 5     217   4.26
 6     408   8.02
 7     718  14.11
 8     904  17.76
 9     867  17.04
10     328   6.45
11     159   3.12
12      75   1.47
13      17   0.33
14      17   0.33
[1,8): 5.245580%   [8,16): 5.147348%    [16,32): 5.284872%   [32,64): 16.876228%   [64,128): 42.593320%  [128, +OO): 24.852652%
Arrays m=325729, n=325729, k=128. Tile 64 × 8.   nnz=1497134  Avg deg=4.6
nnz / tile: 11.310  Load / B elt  0.400
Tile nnz histogram: (n_tiles 132376)
  0  0.17%,   1 27.98%,   2  8.26%,   3  4.08%,   4  3.05%,   5  2.24%,   6  2.11%, 

** Data for kernel (flexspmm_cuda_wo_pre_v9<tileConfs[12].tm,tileConfs[12].tn,4>)
Ordering OVO.  Tile 128 × 8
Histogram of lg non-zeros per panel (tile row).
Lg  Panels    Pct
 0     401  15.76
 1       6   0.24
 2      20   0.79
 3      21   0.83
 4      31   1.22
 5      42   1.65
 6     128   5.03
 7     201   7.90
 8     451  17.73
 9     498  19.58
10     466  18.32
11     162   6.37
12      64   2.52
13      40   1.57
14       7   0.28
15       6   0.24
[1,8): 14.695481%   [8,16): 8.526523%    [16,32): 45.540275%   [32,64): 12.927308%   [64,128): 2.554028%  [128, +OO): 15.756385%
Arrays m=325729, n=325729, k=128. Tile 128 × 8.   nnz=1497134  Avg deg=4.6
nnz / tile: 12.315  Load / B elt  0.387
Tile nnz histogram: (n_tiles 121573)
  0  0.07%,   1 26.81%,   2  7.60%,   3  3.62%,   4  2.66%,   5  1.99%,   6  1.96%, 

** Data for kernel (flexspmm_cuda_wo_pre_v9<tileConfs[13].tm,tileConfs[13].tn,4>)
Ordering OVO.  Tile 256 × 8
Histogram of lg non-zeros per panel (tile row).
Lg  Panels    Pct
 0     132  10.38
 1       1   0.08
 2       8   0.63
 3       8   0.63
 4       9   0.71
 5      11   0.86
 6      19   1.49
 7      49   3.85
 8     108   8.49
 9     263  20.68
10     277  21.78
11     250  19.65
12      90   7.08
13      13   1.02
14      24   1.89
15      10   0.79
[1,8): 47.368421%   [8,16): 35.978005%    [16,32): 6.284368%   [32,64): 0.000000%   [64,128): 0.000000%  [128, +OO): 10.369207%
Arrays m=325729, n=325729, k=128. Tile 256 × 8.   nnz=1497134  Avg deg=4.6
nnz / tile: 13.142  Load / B elt  0.378
Tile nnz histogram: (n_tiles 113917)
  0  0.03%,   1 25.62%,   2  7.23%,   3  3.39%,   4  2.39%,   5  1.74%,   6  1.70%, 

** Data for kernel (flexspmm_cuda_wo_pre_v9<tileConfs[14].tm,tileConfs[14].tn,4>)
Ordering GOR.  Tile 4 × 16
Histogram of lg non-zeros per panel (tile row).
Lg  Panels    Pct
 0   40016  49.14
 1    1224   1.50
 2    1959   2.41
 3    6743   8.28
 4    8599  10.56
 5   13265  16.29
 6    5171   6.35
 7    2207   2.71
 8    1546   1.90
 9     272   0.33
10     414   0.51
11      11   0.01
12       5   0.01
[1,8): 0.152272%   [8,16): 0.121572%    [16,32): 0.142448%   [32,64): 0.171920%   [64,128): 0.303317%  [128, +OO): 99.108470%
Arrays m=325729, n=325729, k=128. Tile 4 × 16.   nnz=1497134  Avg deg=4.6
nnz / tile: 8.679  Load / B elt  0.559
Tile nnz histogram: (n_tiles 172506)
  0  0.94%,   1 27.67%,   2  9.50%,   3  5.50%,   4 14.12%,   5  2.54%,   6  2.54%, 

** Data for kernel (flexspmm_cuda_wo_pre_v9<tileConfs[15].tm,tileConfs[15].tn,4>)
Ordering GOR.  Tile 8 × 16
Histogram of lg non-zeros per panel (tile row).
Lg  Panels    Pct
 0   17486  42.95
 1     556   1.37
 2     712   1.75
 3    1570   3.86
 4    4056   9.96
 5    4738  11.64
 6    6798  16.70
 7    2614   6.42
 8    1076   2.64
 9     768   1.89
10     149   0.37
11     187   0.46
12       6   0.01
[1,8): 0.370852%   [8,16): 0.201390%    [16,32): 0.174374%   [32,64): 0.471548%   [64,128): 1.284476%  [128, +OO): 97.497360%
Arrays m=325729, n=325729, k=128. Tile 8 × 16.   nnz=1497134  Avg deg=4.6
nnz / tile: 11.486  Load / B elt  0.469
Tile nnz histogram: (n_tiles 130343)
  0  0.92%,   1 30.01%,   2 10.06%,   3  5.24%,   4  4.09%,   5  2.81%,   6  2.68%, 

** Data for kernel (flexspmm_cuda_wo_pre_v9<tileConfs[16].tm,tileConfs[16].tn,4>)
Ordering GOR.  Tile 16 × 16
Histogram of lg non-zeros per panel (tile row).
Lg  Panels    Pct
 0    7315  35.93
 1     199   0.98
 2     350   1.72
 3     549   2.70
 4    1069   5.25
 5    2336  11.47
 6    2675  13.14
 7    3504  17.21
 8    1284   6.31
 9     548   2.69
10     382   1.88
11      55   0.27
12      90   0.44
13       2   0.01
[1,8): 0.766246%   [8,16): 0.353652%    [16,32): 0.643450%   [32,64): 1.881232%   [64,128): 2.352768%  [128, +OO): 94.002652%
Arrays m=325729, n=325729, k=128. Tile 16 × 16.   nnz=1497134  Avg deg=4.6
nnz / tile: 14.157  Load / B elt  0.414
Tile nnz histogram: (n_tiles 105755)
  0  0.75%,   1 30.93%,   2 10.86%,   3  5.59%,   4  4.08%,   5  2.82%,   6  2.45%, 

** Data for kernel (flexspmm_cuda_wo_pre_v9<tileConfs[17].tm,tileConfs[17].tn,4>)
Ordering GOR.  Tile 32 × 16
Histogram of lg non-zeros per panel (tile row).
Lg  Panels    Pct
 0    2933  28.81
 1      72   0.71
 2     141   1.39
 3     223   2.19
 4     359   3.53
 5     628   6.17
 6    1357  13.33
 7    1447  14.22
 8    1833  18.01
 9     667   6.55
10     271   2.66
11     178   1.75
12      28   0.28
13      42   0.41
[1,8): 1.552063%   [8,16): 0.795678%    [16,32): 1.905697%   [32,64): 3.722986%   [64,128): 7.013752%  [128, +OO): 85.009823%
Arrays m=325729, n=325729, k=128. Tile 32 × 16.   nnz=1497134  Avg deg=4.6
nnz / tile: 16.774  Load / B elt  0.377
Tile nnz histogram: (n_tiles 89252)
  0  0.49%,   1 30.57%,   2 10.54%,   3  5.57%,   4  4.06%,   5  2.91%,   6  2.38%, 

** Data for kernel (flexspmm_cuda_wo_pre_v9<tileConfs[18].tm,tileConfs[18].tn,4>)
Ordering GOR.  Tile 64 × 16
Histogram of lg non-zeros per panel (tile row).
Lg  Panels    Pct
 0    1125  22.11
 1      28   0.55
 2      47   0.92
 3      88   1.73
 4     146   2.87
 5     209   4.11
 6     342   6.72
 7     755  14.84
 8     810  15.92
 9     947  18.61
10     352   6.92
11     123   2.42
12      83   1.63
13      14   0.28
14      20   0.39
[1,8): 3.693517%   [8,16): 2.377210%    [16,32): 4.990177%   [32,64): 11.375246%   [64,128): 23.104126%  [128, +OO): 54.459725%
Arrays m=325729, n=325729, k=128. Tile 64 × 16.   nnz=1497134  Avg deg=4.6
nnz / tile: 19.234  Load / B elt  0.348
Tile nnz histogram: (n_tiles 77838)
  0  0.29%,   1 30.16%,   2 10.40%,   3  5.38%,   4  3.91%,   5  2.78%,   6  2.41%, 

** Data for kernel (flexspmm_cuda_wo_pre_v9<tileConfs[19].tm,tileConfs[19].tn,4>)
Ordering GOR.  Tile 128 × 16
Histogram of lg non-zeros per panel (tile row).
Lg  Panels    Pct
 0     390  15.33
 1       9   0.35
 2      18   0.71
 3      32   1.26
 4      55   2.16
 5      81   3.18
 6     114   4.48
 7     210   8.25
 8     416  16.35
 9     430  16.90
10     497  19.54
11     180   7.08
12      58   2.28
13      37   1.45
14       8   0.31
15       9   0.35
[1,8): 8.487230%   [8,16): 9.548134%    [16,32): 18.035363%   [32,64): 31.748527%   [64,128): 16.856582%  [128, +OO): 15.324165%
Arrays m=325729, n=325729, k=128. Tile 128 × 16.   nnz=1497134  Avg deg=4.6
nnz / tile: 21.508  Load / B elt  0.327
Tile nnz histogram: (n_tiles 69608)
  0  0.14%,   1 29.74%,   2 10.07%,   3  5.20%,   4  3.76%,   5  2.69%,   6  2.29%, 

** Data for kernel (flexspmm_cuda_wo_pre_v9<tileConfs[20].tm,tileConfs[20].tn,4>)
Ordering GOR.  Tile 256 × 16
Histogram of lg non-zeros per panel (tile row).
Lg  Panels    Pct
 0     133  10.46
 1       2   0.16
 2       3   0.24
 3      12   0.94
 4      13   1.02
 5      19   1.49
 6      50   3.93
 7      55   4.32
 8     118   9.28
 9     234  18.40
10     245  19.26
11     242  19.03
12      96   7.55
13      24   1.89
14      19   1.49
15       3   0.24
16       4   0.31
[1,8): 29.222310%   [8,16): 35.585232%    [16,32): 22.073841%   [32,64): 2.670856%   [64,128): 0.000000%  [128, +OO): 10.447761%
Arrays m=325729, n=325729, k=128. Tile 256 × 16.   nnz=1497134  Avg deg=4.6
nnz / tile: 23.528  Load / B elt  0.310
Tile nnz histogram: (n_tiles 63631)
  0  0.06%,   1 29.25%,   2  9.84%,   3  5.10%,   4  3.55%,   5  2.48%,   6  2.17%, 

** Data for kernel (flexspmm_cuda_wo_pre_v9<tileConfs[14].tm,tileConfs[14].tn,4>)
Ordering OVO.  Tile 4 × 16
Histogram of lg non-zeros per panel (tile row).
Lg  Panels    Pct
 0   39871  48.96
 1    1390   1.71
 2    2136   2.62
 3    6725   8.26
 4    8281  10.17
 5   13424  16.48
 6    5133   6.30
 7    2245   2.76
 8    1525   1.87
 9     274   0.34
10     412   0.51
11      10   0.01
12       5   0.01
13       1   0.00
[1,8): 0.158412%   [8,16): 0.058944%    [16,32): 0.186657%   [32,64): 0.442081%   [64,128): 0.222269%  [128, +OO): 98.931637%
Arrays m=325729, n=325729, k=128. Tile 4 × 16.   nnz=1497134  Avg deg=4.6
nnz / tile: 6.596  Load / B elt  0.580
Tile nnz histogram: (n_tiles 226992)
  0  0.92%,   1 29.28%,   2  9.63%,   3  5.80%,   4 26.59%,   5  2.24%,   6  1.93%, 

** Data for kernel (flexspmm_cuda_wo_pre_v9<tileConfs[15].tm,tileConfs[15].tn,4>)
Ordering OVO.  Tile 8 × 16
Histogram of lg non-zeros per panel (tile row).
Lg  Panels    Pct
 0   17696  43.46
 1     523   1.28
 2     987   2.42
 3    1384   3.40
 4    3821   9.38
 5    4588  11.27
 6    6943  17.05
 7    2603   6.39
 8    1066   2.62
 9     751   1.84
10     170   0.42
11     178   0.44
12       5   0.01
13       1   0.00
[1,8): 0.361029%   [8,16): 0.248054%    [16,32): 0.439620%   [32,64): 0.419972%   [64,128): 1.117469%  [128, +OO): 97.413857%
Arrays m=325729, n=325729, k=128. Tile 8 × 16.   nnz=1497134  Avg deg=4.6
nnz / tile: 9.095  Load / B elt  0.495
Tile nnz histogram: (n_tiles 164612)
  0  0.91%,   1 31.82%,   2  9.83%,   3  5.06%,   4  3.89%,   5  2.71%,   6  2.60%, 

** Data for kernel (flexspmm_cuda_wo_pre_v9<tileConfs[16].tm,tileConfs[16].tn,4>)
Ordering OVO.  Tile 16 × 16
Histogram of lg non-zeros per panel (tile row).
Lg  Panels    Pct
 0    7471  36.70
 1     206   1.01
 2     381   1.87
 3     630   3.09
 4     958   4.71
 5    2223  10.92
 6    2618  12.86
 7    3493  17.16
 8    1305   6.41
 9     548   2.69
10     366   1.80
11      71   0.35
12      86   0.42
13       2   0.01
[1,8): 0.771158%   [8,16): 0.496095%    [16,32): 0.859571%   [32,64): 1.655288%   [64,128): 2.770274%  [128, +OO): 93.447615%
Arrays m=325729, n=325729, k=128. Tile 16 × 16.   nnz=1497134  Avg deg=4.6
nnz / tile: 11.660  Load / B elt  0.447
Tile nnz histogram: (n_tiles 128395)
  0  0.73%,   1 33.38%,   2 10.19%,   3  5.01%,   4  3.82%,   5  2.63%,   6  2.25%, 

** Data for kernel (flexspmm_cuda_wo_pre_v9<tileConfs[17].tm,tileConfs[17].tn,4>)
Ordering OVO.  Tile 32 × 16
Histogram of lg non-zeros per panel (tile row).
Lg  Panels    Pct
 0    2988  29.35
 1      71   0.70
 2     148   1.45
 3     227   2.23
 4     376   3.69
 5     594   5.84
 6    1305  12.82
 7    1510  14.83
 8    1796  17.64
 9     626   6.15
10     297   2.92
11     171   1.68
12      30   0.29
13      40   0.39
[1,8): 1.699411%   [8,16): 1.159136%    [16,32): 1.836935%   [32,64): 4.371316%   [64,128): 8.339882%  [128, +OO): 82.593320%
Arrays m=325729, n=325729, k=128. Tile 32 × 16.   nnz=1497134  Avg deg=4.6
nnz / tile: 13.994  Load / B elt  0.419
Tile nnz histogram: (n_tiles 106984)
  0  0.47%,   1 33.56%,   2  9.77%,   3  4.74%,   4  3.54%,   5  2.42%,   6  2.21%, 

** Data for kernel (flexspmm_cuda_wo_pre_v9<tileConfs[18].tm,tileConfs[18].tn,4>)
Ordering OVO.  Tile 64 × 16
Histogram of lg non-zeros per panel (tile row).
Lg  Panels    Pct
 0    1122  22.05
 1      22   0.43
 2      52   1.02
 3      77   1.51
 4     106   2.08
 5     217   4.26
 6     408   8.02
 7     718  14.11
 8     904  17.76
 9     867  17.04
10     328   6.45
11     159   3.12
12      75   1.47
13      17   0.33
14      17   0.33
[1,8): 4.243615%   [8,16): 3.064833%    [16,32): 6.188605%   [32,64): 9.312377%   [64,128): 34.086444%  [128, +OO): 43.104126%
Arrays m=325729, n=325729, k=128. Tile 64 × 16.   nnz=1497134  Avg deg=4.6
nnz / tile: 16.144  Load / B elt  0.400
Tile nnz histogram: (n_tiles 92738)
  0  0.24%,   1 33.54%,   2  9.33%,   3  4.19%,   4  3.22%,   5  2.17%,   6  2.05%, 

** Data for kernel (flexspmm_cuda_wo_pre_v9<tileConfs[19].tm,tileConfs[19].tn,4>)
Ordering OVO.  Tile 128 × 16
Histogram of lg non-zeros per panel (tile row).
Lg  Panels    Pct
 0     401  15.76
 1       6   0.24
 2      20   0.79
 3      21   0.83
 4      31   1.22
 5      42   1.65
 6     128   5.03
 7     201   7.90
 8     451  17.73
 9     498  19.58
10     466  18.32
11     162   6.37
12      64   2.52
13      40   1.57
14       7   0.28
15       6   0.24
[1,8): 10.884086%   [8,16): 7.976424%    [16,32): 15.559921%   [32,64): 47.308448%   [64,128): 2.514735%  [128, +OO): 15.756385%
Arrays m=325729, n=325729, k=128. Tile 128 × 16.   nnz=1497134  Avg deg=4.6
nnz / tile: 17.999  Load / B elt  0.387
Tile nnz histogram: (n_tiles 83181)
  0  0.10%,   1 33.11%,   2  9.00%,   3  3.80%,   4  2.78%,   5  1.96%,   6  1.79%, 

** Data for kernel (flexspmm_cuda_wo_pre_v9<tileConfs[20].tm,tileConfs[20].tn,4>)
Ordering OVO.  Tile 256 × 16
Histogram of lg non-zeros per panel (tile row).
Lg  Panels    Pct
 0     132  10.38
 1       1   0.08
 2       8   0.63
 3       8   0.63
 4       9   0.71
 5      11   0.86
 6      19   1.49
 7      49   3.85
 8     108   8.49
 9     263  20.68
10     277  21.78
11     250  19.65
12      90   7.08
13      13   1.02
14      24   1.89
15      10   0.79
[1,8): 34.406913%   [8,16): 36.920660%    [16,32): 18.303221%   [32,64): 0.000000%   [64,128): 0.000000%  [128, +OO): 10.369207%
Arrays m=325729, n=325729, k=128. Tile 256 × 16.   nnz=1497134  Avg deg=4.6
nnz / tile: 19.572  Load / B elt  0.378
Tile nnz histogram: (n_tiles 76494)
  0  0.04%,   1 32.12%,   2  8.88%,   3  3.67%,   4  2.56%,   5  1.82%,   6  1.56%, 

** Data for kernel (flexspmm_cuda_wo_pre_v9<tileConfs[21].tm,tileConfs[21].tn,4>)
Ordering GOR.  Tile 4 × 32
Histogram of lg non-zeros per panel (tile row).
Lg  Panels    Pct
 0   40016  49.14
 1    1224   1.50
 2    1959   2.41
 3    6743   8.28
 4    8599  10.56
 5   13265  16.29
 6    5171   6.35
 7    2207   2.71
 8    1546   1.90
 9     272   0.33
10     414   0.51
11      11   0.01
12       5   0.01
[1,8): 0.127712%   [8,16): 0.067540%    [16,32): 0.071224%   [32,64): 0.281213%   [64,128): 0.365945%  [128, +OO): 99.086365%
Arrays m=325729, n=325729, k=128. Tile 4 × 32.   nnz=1497134  Avg deg=4.6
nnz / tile: 10.256  Load / B elt  0.559
Tile nnz histogram: (n_tiles 145983)
  0  1.09%,   1 28.34%,   2  9.74%,   3  5.71%,   4 14.14%,   5  2.52%,   6  2.54%, 

** Data for kernel (flexspmm_cuda_wo_pre_v9<tileConfs[22].tm,tileConfs[22].tn,4>)
Ordering GOR.  Tile 8 × 32
Histogram of lg non-zeros per panel (tile row).
Lg  Panels    Pct
 0   17486  42.95
 1     556   1.37
 2     712   1.75
 3    1570   3.86
 4    4056   9.96
 5    4738  11.64
 6    6798  16.70
 7    2614   6.42
 8    1076   2.64
 9     768   1.89
10     149   0.37
11     187   0.46
12       6   0.01
[1,8): 0.230862%   [8,16): 0.235774%    [16,32): 0.243142%   [32,64): 0.501019%   [64,128): 0.665570%  [128, +OO): 98.123634%
Arrays m=325729, n=325729, k=128. Tile 8 × 32.   nnz=1497134  Avg deg=4.6
nnz / tile: 13.904  Load / B elt  0.469
Tile nnz histogram: (n_tiles 107680)
  0  1.09%,   1 31.14%,   2 10.22%,   3  5.52%,   4  4.14%,   5  2.77%,   6  2.65%, 

** Data for kernel (flexspmm_cuda_wo_pre_v9<tileConfs[23].tm,tileConfs[23].tn,4>)
Ordering GOR.  Tile 16 × 32
Histogram of lg non-zeros per panel (tile row).
Lg  Panels    Pct
 0    7315  35.93
 1     199   0.98
 2     350   1.72
 3     549   2.70
 4    1069   5.25
 5    2336  11.47
 6    2675  13.14
 7    3504  17.21
 8    1284   6.31
 9     548   2.69
10     382   1.88
11      55   0.27
12      90   0.44
13       2   0.01
[1,8): 0.589420%   [8,16): 0.363476%    [16,32): 0.638538%   [32,64): 1.483373%   [64,128): 2.004028%  [128, +OO): 94.921165%
Arrays m=325729, n=325729, k=128. Tile 16 × 32.   nnz=1497134  Avg deg=4.6
nnz / tile: 17.847  Load / B elt  0.414
Tile nnz histogram: (n_tiles 83885)
  0  0.93%,   1 33.06%,   2 10.83%,   3  5.82%,   4  4.09%,   5  2.71%,   6  2.44%, 

** Data for kernel (flexspmm_cuda_wo_pre_v9<tileConfs[24].tm,tileConfs[24].tn,4>)
Ordering GOR.  Tile 32 × 32
Histogram of lg non-zeros per panel (tile row).
Lg  Panels    Pct
 0    2933  28.81
 1      72   0.71
 2     141   1.39
 3     223   2.19
 4     359   3.53
 5     628   6.17
 6    1357  13.33
 7    1447  14.22
 8    1833  18.01
 9     667   6.55
10     271   2.66
11     178   1.75
12      28   0.28
13      42   0.41
[1,8): 1.129666%   [8,16): 0.785855%    [16,32): 2.504912%   [32,64): 1.532417%   [64,128): 7.131631%  [128, +OO): 86.915521%
Arrays m=325729, n=325729, k=128. Tile 32 × 32.   nnz=1497134  Avg deg=4.6
nnz / tile: 21.688  Load / B elt  0.377
Tile nnz histogram: (n_tiles 69030)
  0  0.63%,   1 33.94%,   2 11.02%,   3  5.88%,   4  4.19%,   5  2.91%,   6  2.47%, 

** Data for kernel (flexspmm_cuda_wo_pre_v9<tileConfs[25].tm,tileConfs[25].tn,4>)
Ordering GOR.  Tile 64 × 32
Histogram of lg non-zeros per panel (tile row).
Lg  Panels    Pct
 0    1125  22.11
 1      28   0.55
 2      47   0.92
 3      88   1.73
 4     146   2.87
 5     209   4.11
 6     342   6.72
 7     755  14.84
 8     810  15.92
 9     947  18.61
10     352   6.92
11     123   2.42
12      83   1.63
13      14   0.28
14      20   0.39
[1,8): 3.163065%   [8,16): 2.102161%    [16,32): 4.499018%   [32,64): 8.388998%   [64,128): 16.777996%  [128, +OO): 65.068762%
Arrays m=325729, n=325729, k=128. Tile 64 × 32.   nnz=1497134  Avg deg=4.6
nnz / tile: 25.359  Load / B elt  0.348
Tile nnz histogram: (n_tiles 59037)
  0  0.39%,   1 34.17%,   2 11.18%,   3  5.71%,   4  4.06%,   5  2.71%,   6  2.46%, 

** Data for kernel (flexspmm_cuda_wo_pre_v9<tileConfs[26].tm,tileConfs[26].tn,4>)
Ordering GOR.  Tile 128 × 32
Histogram of lg non-zeros per panel (tile row).
Lg  Panels    Pct
 0     390  15.33
 1       9   0.35
 2      18   0.71
 3      32   1.26
 4      55   2.16
 5      81   3.18
 6     114   4.48
 7     210   8.25
 8     416  16.35
 9     430  16.90
10     497  19.54
11     180   7.08
12      58   2.28
13      37   1.45
14       8   0.31
15       9   0.35
[1,8): 6.679764%   [8,16): 7.426326%    [16,32): 11.827112%   [32,64): 27.072692%   [64,128): 26.640472%  [128, +OO): 20.353635%
Arrays m=325729, n=325729, k=128. Tile 128 × 32.   nnz=1497134  Avg deg=4.6
nnz / tile: 28.797  Load / B elt  0.327
Tile nnz histogram: (n_tiles 51989)
  0  0.18%,   1 34.19%,   2 11.07%,   3  5.67%,   4  3.86%,   5  2.69%,   6  2.35%, 

** Data for kernel (flexspmm_cuda_wo_pre_v9<tileConfs[27].tm,tileConfs[27].tn,4>)
Ordering GOR.  Tile 256 × 32
Histogram of lg non-zeros per panel (tile row).
Lg  Panels    Pct
 0     133  10.46
 1       2   0.16
 2       3   0.24
 3      12   0.94
 4      13   1.02
 5      19   1.49
 6      50   3.93
 7      55   4.32
 8     118   9.28
 9     234  18.40
10     245  19.26
11     242  19.03
12      96   7.55
13      24   1.89
14      19   1.49
15       3   0.24
16       4   0.31
[1,8): 22.309505%   [8,16): 25.137471%    [16,32): 29.615082%   [32,64): 12.490181%   [64,128): 0.000000%  [128, +OO): 10.447761%
Arrays m=325729, n=325729, k=128. Tile 256 × 32.   nnz=1497134  Avg deg=4.6
nnz / tile: 31.882  Load / B elt  0.310
Tile nnz histogram: (n_tiles 46959)
  0  0.07%,   1 33.94%,   2 11.05%,   3  5.72%,   4  3.73%,   5  2.54%,   6  2.20%, 

** Data for kernel (flexspmm_cuda_wo_pre_v9<tileConfs[21].tm,tileConfs[21].tn,4>)
Ordering OVO.  Tile 4 × 32
Histogram of lg non-zeros per panel (tile row).
Lg  Panels    Pct
 0   39871  48.96
 1    1390   1.71
 2    2136   2.62
 3    6725   8.26
 4    8281  10.17
 5   13424  16.48
 6    5133   6.30
 7    2245   2.76
 8    1525   1.87
 9     274   0.34
10     412   0.51
11      10   0.01
12       5   0.01
13       1   0.00
[1,8): 0.130168%   [8,16): 0.088416%    [16,32): 0.067540%   [32,64): 0.217357%   [64,128): 0.528041%  [128, +OO): 98.968477%
Arrays m=325729, n=325729, k=128. Tile 4 × 32.   nnz=1497134  Avg deg=4.6
nnz / tile: 7.587  Load / B elt  0.580
Tile nnz histogram: (n_tiles 197318)
  0  1.06%,   1 29.13%,   2  9.68%,   3  6.05%,   4 28.18%,   5  2.39%,   6  1.92%, 

** Data for kernel (flexspmm_cuda_wo_pre_v9<tileConfs[22].tm,tileConfs[22].tn,4>)
Ordering OVO.  Tile 8 × 32
Histogram of lg non-zeros per panel (tile row).
Lg  Panels    Pct
 0   17696  43.46
 1     523   1.28
 2     987   2.42
 3    1384   3.40
 4    3821   9.38
 5    4588  11.27
 6    6943  17.05
 7    2603   6.39
 8    1066   2.62
 9     751   1.84
10     170   0.42
11     178   0.44
12       5   0.01
13       1   0.00
[1,8): 0.265245%   [8,16): 0.257878%    [16,32): 0.194022%   [32,64): 0.505931%   [64,128): 0.857136%  [128, +OO): 97.919788%
Arrays m=325729, n=325729, k=128. Tile 8 × 32.   nnz=1497134  Avg deg=4.6
nnz / tile: 10.795  Load / B elt  0.495
Tile nnz histogram: (n_tiles 138690)
  0  1.07%,   1 32.42%,   2  9.90%,   3  5.19%,   4  3.89%,   5  2.78%,   6  2.66%, 

** Data for kernel (flexspmm_cuda_wo_pre_v9<tileConfs[23].tm,tileConfs[23].tn,4>)
Ordering OVO.  Tile 16 × 32
Histogram of lg non-zeros per panel (tile row).
Lg  Panels    Pct
 0    7471  36.70
 1     206   1.01
 2     381   1.87
 3     630   3.09
 4     958   4.71
 5    2223  10.92
 6    2618  12.86
 7    3493  17.16
 8    1305   6.41
 9     548   2.69
10     366   1.80
11      71   0.35
12      86   0.42
13       2   0.01
[1,8): 0.609067%   [8,16): 0.422418%    [16,32): 0.844835%   [32,64): 0.476448%   [64,128): 3.128837%  [128, +OO): 94.518395%
Arrays m=325729, n=325729, k=128. Tile 16 × 32.   nnz=1497134  Avg deg=4.6
nnz / tile: 14.376  Load / B elt  0.447
Tile nnz histogram: (n_tiles 104142)
  0  0.90%,   1 35.23%,   2 10.11%,   3  5.05%,   4  3.78%,   5  2.66%,   6  2.31%, 

** Data for kernel (flexspmm_cuda_wo_pre_v9<tileConfs[24].tm,tileConfs[24].tn,4>)
Ordering OVO.  Tile 32 × 32
Histogram of lg non-zeros per panel (tile row).
Lg  Panels    Pct
 0    2988  29.35
 1      71   0.70
 2     148   1.45
 3     227   2.23
 4     376   3.69
 5     594   5.84
 6    1305  12.82
 7    1510  14.83
 8    1796  17.64
 9     626   6.15
10     297   2.92
11     171   1.68
12      30   0.29
13      40   0.39
[1,8): 1.178782%   [8,16): 1.267191%    [16,32): 1.650295%   [32,64): 3.546169%   [64,128): 5.383104%  [128, +OO): 86.974460%
Arrays m=325729, n=325729, k=128. Tile 32 × 32.   nnz=1497134  Avg deg=4.6
nnz / tile: 18.007  Load / B elt  0.419
Tile nnz histogram: (n_tiles 83141)
  0  0.60%,   1 37.30%,   2 10.26%,   3  4.73%,   4  3.53%,   5  2.45%,   6  2.10%, 

** Data for kernel (flexspmm_cuda_wo_pre_v9<tileConfs[25].tm,tileConfs[25].tn,4>)
Ordering OVO.  Tile 64 × 32
Histogram of lg non-zeros per panel (tile row).
Lg  Panels    Pct
 0    1122  22.05
 1      22   0.43
 2      52   1.02
 3      77   1.51
 4     106   2.08
 5     217   4.26
 6     408   8.02
 7     718  14.11
 8     904  17.76
 9     867  17.04
10     328   6.45
11     159   3.12
12      75   1.47
13      17   0.33
14      17   0.33
[1,8): 3.104126%   [8,16): 2.907662%    [16,32): 6.345776%   [32,64): 7.013752%   [64,128): 19.882122%  [128, +OO): 60.746562%
Arrays m=325729, n=325729, k=128. Tile 64 × 32.   nnz=1497134  Avg deg=4.6
nnz / tile: 21.308  Load / B elt  0.400
Tile nnz histogram: (n_tiles 70260)
  0  0.31%,   1 38.28%,   2 10.42%,   3  4.38%,   4  3.14%,   5  2.14%,   6  1.91%, 

** Data for kernel (flexspmm_cuda_wo_pre_v9<tileConfs[26].tm,tileConfs[26].tn,4>)
Ordering OVO.  Tile 128 × 32
Histogram of lg non-zeros per panel (tile row).
Lg  Panels    Pct
 0     401  15.76
 1       6   0.24
 2      20   0.79
 3      21   0.83
 4      31   1.22
 5      42   1.65
 6     128   5.03
 7     201   7.90
 8     451  17.73
 9     498  19.58
10     466  18.32
11     162   6.37
12      64   2.52
13      40   1.57
14       7   0.28
15       6   0.24
[1,8): 9.351670%   [8,16): 7.308448%    [16,32): 11.866405%   [32,64): 34.891945%   [64,128): 20.825147%  [128, +OO): 15.756385%
Arrays m=325729, n=325729, k=128. Tile 128 × 32.   nnz=1497134  Avg deg=4.6
nnz / tile: 24.322  Load / B elt  0.387
Tile nnz histogram: (n_tiles 61555)
  0  0.14%,   1 38.43%,   2 10.61%,   3  4.21%,   4  2.80%,   5  1.98%,   6  1.66%, 

** Data for kernel (flexspmm_cuda_wo_pre_v9<tileConfs[27].tm,tileConfs[27].tn,4>)
Ordering OVO.  Tile 256 × 32
Histogram of lg non-zeros per panel (tile row).
Lg  Panels    Pct
 0     132  10.38
 1       1   0.08
 2       8   0.63
 3       8   0.63
 4       9   0.71
 5      11   0.86
 6      19   1.49
 7      49   3.85
 8     108   8.49
 9     263  20.68
10     277  21.78
11     250  19.65
12      90   7.08
13      13   1.02
14      24   1.89
15      10   0.79
[1,8): 25.608798%   [8,16): 28.436764%    [16,32): 30.086410%   [32,64): 5.498822%   [64,128): 0.000000%  [128, +OO): 10.369207%
Arrays m=325729, n=325729, k=128. Tile 256 × 32.   nnz=1497134  Avg deg=4.6
nnz / tile: 26.990  Load / B elt  0.378
Tile nnz histogram: (n_tiles 55470)
  0  0.06%,   1 37.61%,   2 10.84%,   3  4.27%,   4  2.76%,   5  1.83%,   6  1.50%, 

